<?xml version="1.0" encoding="UTF-8"?>
<!-- Generated by org.testng.reporters.JUnitXMLReporter -->
<testsuite ignored="0" hostname="sathish" failures="0" tests="4" name="Test" time="32.361" errors="0" timestamp="2022-03-14T20:42:13 IST">
  <testcase classname="com.testscenarios.FB_Login" name="f" time="10.211"/>
  <testcase classname="com.testscenarios.FB_Login_properties" name="f" time="10.208"/>
  <testcase classname="com.testscenarios.Fb_Excel" name="f" time="0.55"/>
  <testcase classname="com.testscenarios.Excel_ReadData" name="f" time="0.037"/>
</testsuite> <!-- Test -->
