<?xml version="1.0" encoding="UTF-8"?>
<testng-results ignored="0" total="1" passed="1" failed="0" skipped="0">
  <reporter-output>
  </reporter-output>
  <suite started-at="2022-03-09T00:00:32 IST" name="Default suite" finished-at="2022-03-09T00:00:33 IST" duration-ms="982">
    <groups>
    </groups>
    <test started-at="2022-03-09T00:00:32 IST" name="Default test" finished-at="2022-03-09T00:00:33 IST" duration-ms="982">
      <class name="com.testscenarios.Fb_Excel">
        <test-method signature="f()[pri:0, instance:com.testscenarios.Fb_Excel@5158b42f]" started-at="2022-03-09T00:00:32 IST" name="f" finished-at="2022-03-09T00:00:33 IST" duration-ms="903" status="PASS">
          <reporter-output>
          </reporter-output>
        </test-method> <!-- f -->
      </class> <!-- com.testscenarios.Fb_Excel -->
    </test> <!-- Default test -->
  </suite> <!-- Default suite -->
</testng-results>
