<?xml version="1.0" encoding="UTF-8"?>
<testng-results ignored="0" total="2" passed="2" failed="0" skipped="0">
  <reporter-output>
  </reporter-output>
  <suite started-at="2022-03-01T14:02:55 SGT" name="Default suite" finished-at="2022-03-01T14:03:20 SGT" duration-ms="24339">
    <groups>
    </groups>
    <test started-at="2022-03-01T14:02:55 SGT" name="Default test" finished-at="2022-03-01T14:03:20 SGT" duration-ms="24339">
      <class name="com.testscenarios.Screenshot_Assingment">
        <test-method is-config="true" signature="beforeClass(java.lang.String)[pri:0, instance:com.testscenarios.Screenshot_Assingment@3e694b3f]" started-at="2022-03-01T14:02:55 SGT" name="beforeClass" finished-at="2022-03-01T14:02:58 SGT" duration-ms="2634" status="PASS">
          <params>
            <param index="0">
              <value>
                <![CDATA[chrome]]>
              </value>
            </param>
          </params>
          <reporter-output>
          </reporter-output>
        </test-method> <!-- beforeClass -->
        <test-method signature="f()[pri:0, instance:com.testscenarios.Screenshot_Assingment@3e694b3f]" started-at="2022-03-01T14:02:58 SGT" name="f" finished-at="2022-03-01T14:03:12 SGT" duration-ms="13931" status="PASS">
          <reporter-output>
          </reporter-output>
        </test-method> <!-- f -->
        <test-method is-config="true" signature="takescreenshotofeachmethod(org.testng.ITestResult)[pri:0, instance:com.testscenarios.Screenshot_Assingment@3e694b3f]" started-at="2022-03-01T14:03:12 SGT" name="takescreenshotofeachmethod" finished-at="2022-03-01T14:03:13 SGT" duration-ms="891" status="PASS">
          <params>
            <param index="0">
              <value>
                <![CDATA[[TestResult name=f status=SUCCESS method=Screenshot_Assingment.f()[pri:0, instance:com.testscenarios.Screenshot_Assingment@3e694b3f] output={null}]]]>
              </value>
            </param>
          </params>
          <reporter-output>
          </reporter-output>
        </test-method> <!-- takescreenshotofeachmethod -->
        <test-method signature="g()[pri:0, instance:com.testscenarios.Screenshot_Assingment@3e694b3f]" started-at="2022-03-01T14:03:13 SGT" name="g" finished-at="2022-03-01T14:03:20 SGT" duration-ms="6692" status="PASS">
          <reporter-output>
          </reporter-output>
        </test-method> <!-- g -->
        <test-method is-config="true" signature="takescreenshotofeachmethod(org.testng.ITestResult)[pri:0, instance:com.testscenarios.Screenshot_Assingment@3e694b3f]" started-at="2022-03-01T14:03:20 SGT" name="takescreenshotofeachmethod" finished-at="2022-03-01T14:03:20 SGT" duration-ms="155" status="PASS">
          <params>
            <param index="0">
              <value>
                <![CDATA[[TestResult name=g status=SUCCESS method=Screenshot_Assingment.g()[pri:0, instance:com.testscenarios.Screenshot_Assingment@3e694b3f] output={null}]]]>
              </value>
            </param>
          </params>
          <reporter-output>
          </reporter-output>
        </test-method> <!-- takescreenshotofeachmethod -->
        <test-method is-config="true" signature="afterClass()[pri:0, instance:com.testscenarios.Screenshot_Assingment@3e694b3f]" started-at="2022-03-01T14:03:20 SGT" name="afterClass" finished-at="2022-03-01T14:03:20 SGT" duration-ms="1" status="PASS">
          <reporter-output>
          </reporter-output>
        </test-method> <!-- afterClass -->
      </class> <!-- com.testscenarios.Screenshot_Assingment -->
    </test> <!-- Default test -->
  </suite> <!-- Default suite -->
</testng-results>
